Using pre-set license
Built from '2020.3/staging' branch; Version is '2020.3.17f1 (a4537701e4ab) revision 10769271'; Using compiler version '192528614'; Build Type 'Release'
OS: 'Windows 10 Home; OS build 19042.1288; Version 2009; 64bit' Language: 'en' Physical Memory: 8040 MB
BatchMode: 1, IsHumanControllingUs: 0, StartBugReporterOnCrash: 0, Is64bit: 1, IsPro: 0

COMMAND LINE ARGUMENTS:
C:\Program Files\Unity\Hub\Editor\2020.3.17f1\Editor\Unity.exe
-adb2
-batchMode
-noUpm
-name
AssetImportWorker1
-projectPath
D:/Users/nedar/Documents/GitHub/John-Lemon-Tutorial/John Lemon
-logFile
Logs/AssetImportWorker1.log
-srvPort
51576
Successfully changed project path to: D:/Users/nedar/Documents/GitHub/John-Lemon-Tutorial/John Lemon
D:/Users/nedar/Documents/GitHub/John-Lemon-Tutorial/John Lemon
Using Asset Import Pipeline V2.
Refreshing native plugins compatible for Editor in 339.63 ms, found 2 plugins.
Preloading 0 native plugins for Editor in 0.00 ms.
Initialize engine version: 2020.3.17f1 (a4537701e4ab)
[Subsystems] Discovering subsystems at path C:/Program Files/Unity/Hub/Editor/2020.3.17f1/Editor/Data/Resources/UnitySubsystems
[Subsystems] Discovering subsystems at path D:/Users/nedar/Documents/GitHub/John-Lemon-Tutorial/John Lemon/Assets
GfxDevice: creating device client; threaded=0
Direct3D:
    Version:  Direct3D 11.0 [level 11.1]
    Renderer: NVIDIA GeForce GTX 1650 (ID=0x1f91)
    Vendor:   
    VRAM:     3962 MB
    Driver:   27.21.14.5167
Initialize mono
Mono path[0] = 'C:/Program Files/Unity/Hub/Editor/2020.3.17f1/Editor/Data/Managed'
Mono path[1] = 'C:/Program Files/Unity/Hub/Editor/2020.3.17f1/Editor/Data/MonoBleedingEdge/lib/mono/unityjit'
Mono config path = 'C:/Program Files/Unity/Hub/Editor/2020.3.17f1/Editor/Data/MonoBleedingEdge/etc'
Using monoOptions --debugger-agent=transport=dt_socket,embedding=1,server=y,suspend=n,address=127.0.0.1:56148
Begin MonoManager ReloadAssembly
Registering precompiled unity dll's ...
Register platform support module: C:/Program Files/Unity/Hub/Editor/2020.3.17f1/Editor/Data/PlaybackEngines/WindowsStandaloneSupport/UnityEditor.WindowsStandalone.Extensions.dll
Registered in 0.004428 seconds.
Native extension for WindowsStandalone target not found
Refreshing native plugins compatible for Editor in 49.91 ms, found 2 plugins.
Preloading 0 native plugins for Editor in 0.00 ms.
Mono: successfully reloaded assembly
- Completed reload, in  3.201 seconds
Domain Reload Profiling:
	ReloadAssembly (3201ms)
		BeginReloadAssembly (84ms)
			ExecutionOrderSort (0ms)
			DisableScriptedObjects (0ms)
			BackupInstance (0ms)
			ReleaseScriptingObjects (0ms)
			CreateAndSetChildDomain (1ms)
		EndReloadAssembly (516ms)
			LoadAssemblies (80ms)
			RebuildTransferFunctionScriptingTraits (0ms)
			SetupTypeCache (180ms)
			ReleaseScriptCaches (0ms)
			RebuildScriptCaches (34ms)
			SetupLoadedEditorAssemblies (216ms)
				LogAssemblyErrors (0ms)
				InitializePlatformSupportModulesInManaged (5ms)
				SetLoadedEditorAssemblies (0ms)
				RefreshPlugins (50ms)
				BeforeProcessingInitializeOnLoad (9ms)
				ProcessInitializeOnLoadAttributes (89ms)
				ProcessInitializeOnLoadMethodAttributes (64ms)
				AfterProcessingInitializeOnLoad (0ms)
				EditorAssembliesLoaded (0ms)
			ExecutionOrderSort2 (0ms)
			AwakeInstancesAfterBackupRestoration (0ms)
Platform modules already initialized, skipping
Registering precompiled user dll's ...
Registered in 0.194172 seconds.
Begin MonoManager ReloadAssembly
Native extension for WindowsStandalone target not found
Refreshing native plugins compatible for Editor in 1.05 ms, found 2 plugins.
Preloading 0 native plugins for Editor in 0.00 ms.
Refreshing native plugins compatible for Editor in 0.66 ms, found 2 plugins.
Mono: successfully reloaded assembly
- Completed reload, in  3.552 seconds
Domain Reload Profiling:
	ReloadAssembly (3554ms)
		BeginReloadAssembly (153ms)
			ExecutionOrderSort (0ms)
			DisableScriptedObjects (4ms)
			BackupInstance (0ms)
			ReleaseScriptingObjects (0ms)
			CreateAndSetChildDomain (19ms)
		EndReloadAssembly (3334ms)
			LoadAssemblies (2105ms)
			RebuildTransferFunctionScriptingTraits (0ms)
			SetupTypeCache (310ms)
			ReleaseScriptCaches (0ms)
			RebuildScriptCaches (54ms)
			SetupLoadedEditorAssemblies (760ms)
				LogAssemblyErrors (0ms)
				InitializePlatformSupportModulesInManaged (11ms)
				SetLoadedEditorAssemblies (1ms)
				RefreshPlugins (1ms)
				BeforeProcessingInitializeOnLoad (102ms)
				ProcessInitializeOnLoadAttributes (624ms)
				ProcessInitializeOnLoadMethodAttributes (13ms)
				AfterProcessingInitializeOnLoad (9ms)
				EditorAssembliesLoaded (0ms)
			ExecutionOrderSort2 (0ms)
			AwakeInstancesAfterBackupRestoration (7ms)
Platform modules already initialized, skipping
========================================================================
Worker process is ready to serve import requests
Launched and connected shader compiler UnityShaderCompiler.exe after 0.18 seconds
Refreshing native plugins compatible for Editor in 0.78 ms, found 2 plugins.
Preloading 0 native plugins for Editor in 0.00 ms.
Unloading 1910 Unused Serialized files (Serialized files now loaded: 0)
System memory in use before: 159.1 MB.
System memory in use after: 159.2 MB.

Unloading 44 unused Assets to reduce memory usage. Loaded Objects now: 2335.
Total: 3.297100 ms (FindLiveObjects: 0.184300 ms CreateObjectMapping: 0.065800 ms MarkObjects: 2.880200 ms  DeleteObjects: 0.165700 ms)

AssetImportParameters requested are different than current active one (requested -> active):
  custom:framework-win-MediaFoundation: 216162199b28c13a410421893ffa2e32 -> 
  custom:video-decoder-ogg-theora: a1e56fd34408186e4bbccfd4996cb3dc -> 
  custom:container-muxer-webm: aa71ff27fc2769a1b78a27578f13a17b -> 
  custom:container-demuxer-webm: 4f35f7cbe854078d1ac9338744f61a02 -> 
  custom:container-demuxer-ogg: 62fdf1f143b41e24485cea50d1cbac27 -> 
  custom:video-encoder-webm-vp8: eb34c28f22e8b96e1ab97ce403110664 -> 
  custom:video-decoder-webm-vp8: 9c59270c3fd7afecdb556c50c9e8de78 -> 
  custom:audio-decoder-ogg-vorbis: bf7c407c2cedff20999df2af8eb42d56 -> 
  custom:audio-encoder-webm-vorbis: bf7c407c2cedff20999df2af8eb42d56 -> 
========================================================================
Received Import Request.
  path: Assets/Scripts/LevelTimer.cs
  artifactKey: Guid(efca472f70540dc489d8ee86f99a612a) Importer(815301076,1909f56bfc062723c751e8b465ee728b)
Start importing Assets/Scripts/LevelTimer.cs using Guid(efca472f70540dc489d8ee86f99a612a) Importer(815301076,1909f56bfc062723c751e8b465ee728b)  -> (artifact id: '00000000000000000000000000000000') in 0.036410 seconds  code(4) message(Build asset version error: assets/scripts/leveltimer.cs in SourceAssetDB has modification time of '2021-10-21T20:05:09.423294Z' while content on disk has modification time of '2021-10-21T20:06:41.5285908Z')
  ERROR: Build asset version error: assets/scripts/leveltimer.cs in SourceAssetDB has modification time of '2021-10-21T20:05:09.423294Z' while content on disk has modification time of '2021-10-21T20:06:41.5285908Z'
  Import took 0.039659 seconds .

========================================================================
Received Import Request.
  Time since last request: 0.108696 seconds.
  path: Assets/Scripts/LevelTimer.cs
  artifactKey: Guid(efca472f70540dc489d8ee86f99a612a) Importer(815301076,1909f56bfc062723c751e8b465ee728b)
Start importing Assets/Scripts/LevelTimer.cs using Guid(efca472f70540dc489d8ee86f99a612a) Importer(815301076,1909f56bfc062723c751e8b465ee728b)  -> (artifact id: '00000000000000000000000000000000') in 0.000289 seconds  code(4) message(Build asset version error: assets/scripts/leveltimer.cs in SourceAssetDB has modification time of '2021-10-21T20:05:09.423294Z' while content on disk has modification time of '2021-10-21T20:06:41.5285908Z')
  ERROR: Build asset version error: assets/scripts/leveltimer.cs in SourceAssetDB has modification time of '2021-10-21T20:05:09.423294Z' while content on disk has modification time of '2021-10-21T20:06:41.5285908Z'
  Import took 0.004853 seconds .

========================================================================
Received Import Request.
  Time since last request: 0.122730 seconds.
  path: Assets/Scripts/LevelTimer.cs
  artifactKey: Guid(efca472f70540dc489d8ee86f99a612a) Importer(815301076,1909f56bfc062723c751e8b465ee728b)
Start importing Assets/Scripts/LevelTimer.cs using Guid(efca472f70540dc489d8ee86f99a612a) Importer(815301076,1909f56bfc062723c751e8b465ee728b)  -> (artifact id: '00000000000000000000000000000000') in 0.000290 seconds  code(4) message(Build asset version error: assets/scripts/leveltimer.cs in SourceAssetDB has modification time of '2021-10-21T20:05:09.423294Z' while content on disk has modification time of '2021-10-21T20:06:41.5285908Z')
  ERROR: Build asset version error: assets/scripts/leveltimer.cs in SourceAssetDB has modification time of '2021-10-21T20:05:09.423294Z' while content on disk has modification time of '2021-10-21T20:06:41.5285908Z'
  Import took 0.004575 seconds .

========================================================================
Received Import Request.
  Time since last request: 0.123203 seconds.
  path: Assets/Scripts/LevelTimer.cs
  artifactKey: Guid(efca472f70540dc489d8ee86f99a612a) Importer(815301076,1909f56bfc062723c751e8b465ee728b)
Start importing Assets/Scripts/LevelTimer.cs using Guid(efca472f70540dc489d8ee86f99a612a) Importer(815301076,1909f56bfc062723c751e8b465ee728b)  -> (artifact id: '00000000000000000000000000000000') in 0.000362 seconds  code(4) message(Build asset version error: assets/scripts/leveltimer.cs in SourceAssetDB has modification time of '2021-10-21T20:05:09.423294Z' while content on disk has modification time of '2021-10-21T20:06:41.5285908Z')
  ERROR: Build asset version error: assets/scripts/leveltimer.cs in SourceAssetDB has modification time of '2021-10-21T20:05:09.423294Z' while content on disk has modification time of '2021-10-21T20:06:41.5285908Z'
  Import took 0.003786 seconds .

========================================================================
Received Import Request.
  Time since last request: 0.124165 seconds.
  path: Assets/Scripts/LevelTimer.cs
  artifactKey: Guid(efca472f70540dc489d8ee86f99a612a) Importer(815301076,1909f56bfc062723c751e8b465ee728b)
Start importing Assets/Scripts/LevelTimer.cs using Guid(efca472f70540dc489d8ee86f99a612a) Importer(815301076,1909f56bfc062723c751e8b465ee728b)  -> (artifact id: '00000000000000000000000000000000') in 0.000228 seconds  code(4) message(Build asset version error: assets/scripts/leveltimer.cs in SourceAssetDB has modification time of '2021-10-21T20:05:09.423294Z' while content on disk has modification time of '2021-10-21T20:06:41.5285908Z')
  ERROR: Build asset version error: assets/scripts/leveltimer.cs in SourceAssetDB has modification time of '2021-10-21T20:05:09.423294Z' while content on disk has modification time of '2021-10-21T20:06:41.5285908Z'
  Import took 0.003830 seconds .

========================================================================
Received Import Request.
  Time since last request: 0.126845 seconds.
  path: Assets/Scripts/LevelTimer.cs
  artifactKey: Guid(efca472f70540dc489d8ee86f99a612a) Importer(815301076,1909f56bfc062723c751e8b465ee728b)
Start importing Assets/Scripts/LevelTimer.cs using Guid(efca472f70540dc489d8ee86f99a612a) Importer(815301076,1909f56bfc062723c751e8b465ee728b)  -> (artifact id: '00000000000000000000000000000000') in 0.000228 seconds  code(4) message(Build asset version error: assets/scripts/leveltimer.cs in SourceAssetDB has modification time of '2021-10-21T20:05:09.423294Z' while content on disk has modification time of '2021-10-21T20:06:41.5285908Z')
  ERROR: Build asset version error: assets/scripts/leveltimer.cs in SourceAssetDB has modification time of '2021-10-21T20:05:09.423294Z' while content on disk has modification time of '2021-10-21T20:06:41.5285908Z'
  Import took 0.003713 seconds .

========================================================================
Received Import Request.
  Time since last request: 0.123099 seconds.
  path: Assets/Scripts/LevelTimer.cs
  artifactKey: Guid(efca472f70540dc489d8ee86f99a612a) Importer(815301076,1909f56bfc062723c751e8b465ee728b)
Start importing Assets/Scripts/LevelTimer.cs using Guid(efca472f70540dc489d8ee86f99a612a) Importer(815301076,1909f56bfc062723c751e8b465ee728b)  -> (artifact id: '00000000000000000000000000000000') in 0.000383 seconds  code(4) message(Build asset version error: assets/scripts/leveltimer.cs in SourceAssetDB has modification time of '2021-10-21T20:05:09.423294Z' while content on disk has modification time of '2021-10-21T20:06:41.5285908Z')
  ERROR: Build asset version error: assets/scripts/leveltimer.cs in SourceAssetDB has modification time of '2021-10-21T20:05:09.423294Z' while content on disk has modification time of '2021-10-21T20:06:41.5285908Z'
  Import took 0.003963 seconds .

========================================================================
Received Import Request.
  Time since last request: 0.160616 seconds.
  path: Assets/Scripts/LevelTimer.cs
  artifactKey: Guid(efca472f70540dc489d8ee86f99a612a) Importer(815301076,1909f56bfc062723c751e8b465ee728b)
Start importing Assets/Scripts/LevelTimer.cs using Guid(efca472f70540dc489d8ee86f99a612a) Importer(815301076,1909f56bfc062723c751e8b465ee728b)  -> (artifact id: '00000000000000000000000000000000') in 0.000234 seconds  code(4) message(Build asset version error: assets/scripts/leveltimer.cs in SourceAssetDB has modification time of '2021-10-21T20:05:09.423294Z' while content on disk has modification time of '2021-10-21T20:07:07.1597032Z')
  ERROR: Build asset version error: assets/scripts/leveltimer.cs in SourceAssetDB has modification time of '2021-10-21T20:05:09.423294Z' while content on disk has modification time of '2021-10-21T20:07:07.1597032Z'
  Import took 0.003403 seconds .

========================================================================
Received Import Request.
  Time since last request: 0.125273 seconds.
  path: Assets/Scripts/LevelTimer.cs
  artifactKey: Guid(efca472f70540dc489d8ee86f99a612a) Importer(815301076,1909f56bfc062723c751e8b465ee728b)
Start importing Assets/Scripts/LevelTimer.cs using Guid(efca472f70540dc489d8ee86f99a612a) Importer(815301076,1909f56bfc062723c751e8b465ee728b)  -> (artifact id: '00000000000000000000000000000000') in 0.000235 seconds  code(4) message(Build asset version error: assets/scripts/leveltimer.cs in SourceAssetDB has modification time of '2021-10-21T20:05:09.423294Z' while content on disk has modification time of '2021-10-21T20:07:07.1597032Z')
  ERROR: Build asset version error: assets/scripts/leveltimer.cs in SourceAssetDB has modification time of '2021-10-21T20:05:09.423294Z' while content on disk has modification time of '2021-10-21T20:07:07.1597032Z'
  Import took 0.004130 seconds .

========================================================================
Received Import Request.
  Time since last request: 0.122566 seconds.
  path: Assets/Scripts/LevelTimer.cs
  artifactKey: Guid(efca472f70540dc489d8ee86f99a612a) Importer(815301076,1909f56bfc062723c751e8b465ee728b)
Start importing Assets/Scripts/LevelTimer.cs using Guid(efca472f70540dc489d8ee86f99a612a) Importer(815301076,1909f56bfc062723c751e8b465ee728b)  -> (artifact id: '00000000000000000000000000000000') in 0.000267 seconds  code(4) message(Build asset version error: assets/scripts/leveltimer.cs in SourceAssetDB has modification time of '2021-10-21T20:05:09.423294Z' while content on disk has modification time of '2021-10-21T20:07:07.1597032Z')
  ERROR: Build asset version error: assets/scripts/leveltimer.cs in SourceAssetDB has modification time of '2021-10-21T20:05:09.423294Z' while content on disk has modification time of '2021-10-21T20:07:07.1597032Z'
  Import took 0.003931 seconds .

========================================================================
Received Import Request.
  Time since last request: 0.124023 seconds.
  path: Assets/Scripts/LevelTimer.cs
  artifactKey: Guid(efca472f70540dc489d8ee86f99a612a) Importer(815301076,1909f56bfc062723c751e8b465ee728b)
Start importing Assets/Scripts/LevelTimer.cs using Guid(efca472f70540dc489d8ee86f99a612a) Importer(815301076,1909f56bfc062723c751e8b465ee728b)  -> (artifact id: '00000000000000000000000000000000') in 0.000216 seconds  code(4) message(Build asset version error: assets/scripts/leveltimer.cs in SourceAssetDB has modification time of '2021-10-21T20:05:09.423294Z' while content on disk has modification time of '2021-10-21T20:07:07.1597032Z')
  ERROR: Build asset version error: assets/scripts/leveltimer.cs in SourceAssetDB has modification time of '2021-10-21T20:05:09.423294Z' while content on disk has modification time of '2021-10-21T20:07:07.1597032Z'
  Import took 0.002714 seconds .

========================================================================
Received Import Request.
  Time since last request: 0.090405 seconds.
  path: Assets/Scripts/LevelTimer.cs
  artifactKey: Guid(efca472f70540dc489d8ee86f99a612a) Importer(815301076,1909f56bfc062723c751e8b465ee728b)
Start importing Assets/Scripts/LevelTimer.cs using Guid(efca472f70540dc489d8ee86f99a612a) Importer(815301076,1909f56bfc062723c751e8b465ee728b)  -> (artifact id: '00000000000000000000000000000000') in 0.000216 seconds  code(4) message(Build asset version error: assets/scripts/leveltimer.cs in SourceAssetDB has modification time of '2021-10-21T20:05:09.423294Z' while content on disk has modification time of '2021-10-21T20:07:07.1597032Z')
  ERROR: Build asset version error: assets/scripts/leveltimer.cs in SourceAssetDB has modification time of '2021-10-21T20:05:09.423294Z' while content on disk has modification time of '2021-10-21T20:07:07.1597032Z'
  Import took 0.004039 seconds .

========================================================================
Received Import Request.
  Time since last request: 0.127972 seconds.
  path: Assets/Scripts/LevelTimer.cs
  artifactKey: Guid(efca472f70540dc489d8ee86f99a612a) Importer(815301076,1909f56bfc062723c751e8b465ee728b)
Start importing Assets/Scripts/LevelTimer.cs using Guid(efca472f70540dc489d8ee86f99a612a) Importer(815301076,1909f56bfc062723c751e8b465ee728b)  -> (artifact id: '00000000000000000000000000000000') in 0.000275 seconds  code(4) message(Build asset version error: assets/scripts/leveltimer.cs in SourceAssetDB has modification time of '2021-10-21T20:05:09.423294Z' while content on disk has modification time of '2021-10-21T20:07:07.1597032Z')
  ERROR: Build asset version error: assets/scripts/leveltimer.cs in SourceAssetDB has modification time of '2021-10-21T20:05:09.423294Z' while content on disk has modification time of '2021-10-21T20:07:07.1597032Z'
  Import took 0.003586 seconds .

========================================================================
Received Import Request.
  Time since last request: 0.124321 seconds.
  path: Assets/Scripts/LevelTimer.cs
  artifactKey: Guid(efca472f70540dc489d8ee86f99a612a) Importer(815301076,1909f56bfc062723c751e8b465ee728b)
Start importing Assets/Scripts/LevelTimer.cs using Guid(efca472f70540dc489d8ee86f99a612a) Importer(815301076,1909f56bfc062723c751e8b465ee728b)  -> (artifact id: '00000000000000000000000000000000') in 0.000210 seconds  code(4) message(Build asset version error: assets/scripts/leveltimer.cs in SourceAssetDB has modification time of '2021-10-21T20:05:09.423294Z' while content on disk has modification time of '2021-10-21T20:07:07.1597032Z')
  ERROR: Build asset version error: assets/scripts/leveltimer.cs in SourceAssetDB has modification time of '2021-10-21T20:05:09.423294Z' while content on disk has modification time of '2021-10-21T20:07:07.1597032Z'
  Import took 0.003142 seconds .

========================================================================
Received Import Request.
  Time since last request: 0.129528 seconds.
  path: Assets/Scripts/LevelTimer.cs
  artifactKey: Guid(efca472f70540dc489d8ee86f99a612a) Importer(815301076,1909f56bfc062723c751e8b465ee728b)
Start importing Assets/Scripts/LevelTimer.cs using Guid(efca472f70540dc489d8ee86f99a612a) Importer(815301076,1909f56bfc062723c751e8b465ee728b)  -> (artifact id: '00000000000000000000000000000000') in 0.000289 seconds  code(4) message(Build asset version error: assets/scripts/leveltimer.cs in SourceAssetDB has modification time of '2021-10-21T20:05:09.423294Z' while content on disk has modification time of '2021-10-21T20:07:07.1597032Z')
  ERROR: Build asset version error: assets/scripts/leveltimer.cs in SourceAssetDB has modification time of '2021-10-21T20:05:09.423294Z' while content on disk has modification time of '2021-10-21T20:07:07.1597032Z'
  Import took 0.004130 seconds .

========================================================================
Received Import Request.
  Time since last request: 0.126172 seconds.
  path: Assets/Scripts/LevelTimer.cs
  artifactKey: Guid(efca472f70540dc489d8ee86f99a612a) Importer(815301076,1909f56bfc062723c751e8b465ee728b)
Start importing Assets/Scripts/LevelTimer.cs using Guid(efca472f70540dc489d8ee86f99a612a) Importer(815301076,1909f56bfc062723c751e8b465ee728b)  -> (artifact id: '00000000000000000000000000000000') in 0.000352 seconds  code(4) message(Build asset version error: assets/scripts/leveltimer.cs in SourceAssetDB has modification time of '2021-10-21T20:05:09.423294Z' while content on disk has modification time of '2021-10-21T20:07:07.1597032Z')
  ERROR: Build asset version error: assets/scripts/leveltimer.cs in SourceAssetDB has modification time of '2021-10-21T20:05:09.423294Z' while content on disk has modification time of '2021-10-21T20:07:07.1597032Z'
  Import took 0.005133 seconds .

========================================================================
Received Import Request.
  Time since last request: 0.131582 seconds.
  path: Assets/Scripts/LevelTimer.cs
  artifactKey: Guid(efca472f70540dc489d8ee86f99a612a) Importer(815301076,1909f56bfc062723c751e8b465ee728b)
Start importing Assets/Scripts/LevelTimer.cs using Guid(efca472f70540dc489d8ee86f99a612a) Importer(815301076,1909f56bfc062723c751e8b465ee728b)  -> (artifact id: '00000000000000000000000000000000') in 0.000279 seconds  code(4) message(Build asset version error: assets/scripts/leveltimer.cs in SourceAssetDB has modification time of '2021-10-21T20:05:09.423294Z' while content on disk has modification time of '2021-10-21T20:07:07.1597032Z')
  ERROR: Build asset version error: assets/scripts/leveltimer.cs in SourceAssetDB has modification time of '2021-10-21T20:05:09.423294Z' while content on disk has modification time of '2021-10-21T20:07:07.1597032Z'
  Import took 0.004499 seconds .

========================================================================
Received Import Request.
  Time since last request: 0.127088 seconds.
  path: Assets/Scripts/LevelTimer.cs
  artifactKey: Guid(efca472f70540dc489d8ee86f99a612a) Importer(815301076,1909f56bfc062723c751e8b465ee728b)
Start importing Assets/Scripts/LevelTimer.cs using Guid(efca472f70540dc489d8ee86f99a612a) Importer(815301076,1909f56bfc062723c751e8b465ee728b)  -> (artifact id: '00000000000000000000000000000000') in 0.000470 seconds  code(4) message(Build asset version error: assets/scripts/leveltimer.cs in SourceAssetDB has modification time of '2021-10-21T20:05:09.423294Z' while content on disk has modification time of '2021-10-21T20:07:07.1597032Z')
  ERROR: Build asset version error: assets/scripts/leveltimer.cs in SourceAssetDB has modification time of '2021-10-21T20:05:09.423294Z' while content on disk has modification time of '2021-10-21T20:07:07.1597032Z'
  Import took 0.004588 seconds .

========================================================================
Received Import Request.
  Time since last request: 0.122069 seconds.
  path: Assets/Scripts/LevelTimer.cs
  artifactKey: Guid(efca472f70540dc489d8ee86f99a612a) Importer(815301076,1909f56bfc062723c751e8b465ee728b)
Start importing Assets/Scripts/LevelTimer.cs using Guid(efca472f70540dc489d8ee86f99a612a) Importer(815301076,1909f56bfc062723c751e8b465ee728b)  -> (artifact id: '00000000000000000000000000000000') in 0.000229 seconds  code(4) message(Build asset version error: assets/scripts/leveltimer.cs in SourceAssetDB has modification time of '2021-10-21T20:05:09.423294Z' while content on disk has modification time of '2021-10-21T20:07:07.1597032Z')
  ERROR: Build asset version error: assets/scripts/leveltimer.cs in SourceAssetDB has modification time of '2021-10-21T20:05:09.423294Z' while content on disk has modification time of '2021-10-21T20:07:07.1597032Z'
  Import took 0.003629 seconds .

========================================================================
Received Import Request.
  Time since last request: 0.124359 seconds.
  path: Assets/Scripts/LevelTimer.cs
  artifactKey: Guid(efca472f70540dc489d8ee86f99a612a) Importer(815301076,1909f56bfc062723c751e8b465ee728b)
Start importing Assets/Scripts/LevelTimer.cs using Guid(efca472f70540dc489d8ee86f99a612a) Importer(815301076,1909f56bfc062723c751e8b465ee728b)  -> (artifact id: '00000000000000000000000000000000') in 0.000211 seconds  code(4) message(Build asset version error: assets/scripts/leveltimer.cs in SourceAssetDB has modification time of '2021-10-21T20:05:09.423294Z' while content on disk has modification time of '2021-10-21T20:07:07.1597032Z')
  ERROR: Build asset version error: assets/scripts/leveltimer.cs in SourceAssetDB has modification time of '2021-10-21T20:05:09.423294Z' while content on disk has modification time of '2021-10-21T20:07:07.1597032Z'
  Import took 0.003425 seconds .

========================================================================
Received Import Request.
  Time since last request: 0.129744 seconds.
  path: Assets/Scripts/LevelTimer.cs
  artifactKey: Guid(efca472f70540dc489d8ee86f99a612a) Importer(815301076,1909f56bfc062723c751e8b465ee728b)
Start importing Assets/Scripts/LevelTimer.cs using Guid(efca472f70540dc489d8ee86f99a612a) Importer(815301076,1909f56bfc062723c751e8b465ee728b)  -> (artifact id: '00000000000000000000000000000000') in 0.000209 seconds  code(4) message(Build asset version error: assets/scripts/leveltimer.cs in SourceAssetDB has modification time of '2021-10-21T20:05:09.423294Z' while content on disk has modification time of '2021-10-21T20:07:07.1597032Z')
  ERROR: Build asset version error: assets/scripts/leveltimer.cs in SourceAssetDB has modification time of '2021-10-21T20:05:09.423294Z' while content on disk has modification time of '2021-10-21T20:07:07.1597032Z'
  Import took 0.003642 seconds .

========================================================================
Received Import Request.
  Time since last request: 0.125703 seconds.
  path: Assets/Scripts/LevelTimer.cs
  artifactKey: Guid(efca472f70540dc489d8ee86f99a612a) Importer(815301076,1909f56bfc062723c751e8b465ee728b)
Start importing Assets/Scripts/LevelTimer.cs using Guid(efca472f70540dc489d8ee86f99a612a) Importer(815301076,1909f56bfc062723c751e8b465ee728b)  -> (artifact id: '00000000000000000000000000000000') in 0.000224 seconds  code(4) message(Build asset version error: assets/scripts/leveltimer.cs in SourceAssetDB has modification time of '2021-10-21T20:05:09.423294Z' while content on disk has modification time of '2021-10-21T20:07:07.1597032Z')
  ERROR: Build asset version error: assets/scripts/leveltimer.cs in SourceAssetDB has modification time of '2021-10-21T20:05:09.423294Z' while content on disk has modification time of '2021-10-21T20:07:07.1597032Z'
  Import took 0.003549 seconds .

========================================================================
Received Import Request.
  Time since last request: 0.131049 seconds.
  path: Assets/Scripts/LevelTimer.cs
  artifactKey: Guid(efca472f70540dc489d8ee86f99a612a) Importer(815301076,1909f56bfc062723c751e8b465ee728b)
Start importing Assets/Scripts/LevelTimer.cs using Guid(efca472f70540dc489d8ee86f99a612a) Importer(815301076,1909f56bfc062723c751e8b465ee728b)  -> (artifact id: '00000000000000000000000000000000') in 0.000381 seconds  code(4) message(Build asset version error: assets/scripts/leveltimer.cs in SourceAssetDB has modification time of '2021-10-21T20:05:09.423294Z' while content on disk has modification time of '2021-10-21T20:07:07.1597032Z')
  ERROR: Build asset version error: assets/scripts/leveltimer.cs in SourceAssetDB has modification time of '2021-10-21T20:05:09.423294Z' while content on disk has modification time of '2021-10-21T20:07:07.1597032Z'
  Import took 0.005891 seconds .

========================================================================
Received Import Request.
  Time since last request: 0.135176 seconds.
  path: Assets/Scripts/LevelTimer.cs
  artifactKey: Guid(efca472f70540dc489d8ee86f99a612a) Importer(815301076,1909f56bfc062723c751e8b465ee728b)
Start importing Assets/Scripts/LevelTimer.cs using Guid(efca472f70540dc489d8ee86f99a612a) Importer(815301076,1909f56bfc062723c751e8b465ee728b)  -> (artifact id: '00000000000000000000000000000000') in 0.000499 seconds  code(4) message(Build asset version error: assets/scripts/leveltimer.cs in SourceAssetDB has modification time of '2021-10-21T20:05:09.423294Z' while content on disk has modification time of '2021-10-21T20:07:07.1597032Z')
  ERROR: Build asset version error: assets/scripts/leveltimer.cs in SourceAssetDB has modification time of '2021-10-21T20:05:09.423294Z' while content on disk has modification time of '2021-10-21T20:07:07.1597032Z'
  Import took 0.007071 seconds .

========================================================================
Received Import Request.
  Time since last request: 0.128267 seconds.
  path: Assets/Scripts/LevelTimer.cs
  artifactKey: Guid(efca472f70540dc489d8ee86f99a612a) Importer(815301076,1909f56bfc062723c751e8b465ee728b)
Start importing Assets/Scripts/LevelTimer.cs using Guid(efca472f70540dc489d8ee86f99a612a) Importer(815301076,1909f56bfc062723c751e8b465ee728b)  -> (artifact id: '00000000000000000000000000000000') in 0.000417 seconds  code(4) message(Build asset version error: assets/scripts/leveltimer.cs in SourceAssetDB has modification time of '2021-10-21T20:05:09.423294Z' while content on disk has modification time of '2021-10-21T20:07:07.1597032Z')
  ERROR: Build asset version error: assets/scripts/leveltimer.cs in SourceAssetDB has modification time of '2021-10-21T20:05:09.423294Z' while content on disk has modification time of '2021-10-21T20:07:07.1597032Z'
  Import took 0.005612 seconds .

========================================================================
Received Import Request.
  Time since last request: 0.147453 seconds.
  path: Assets/Scripts/LevelTimer.cs
  artifactKey: Guid(efca472f70540dc489d8ee86f99a612a) Importer(815301076,1909f56bfc062723c751e8b465ee728b)
Start importing Assets/Scripts/LevelTimer.cs using Guid(efca472f70540dc489d8ee86f99a612a) Importer(815301076,1909f56bfc062723c751e8b465ee728b)  -> (artifact id: '00000000000000000000000000000000') in 0.000580 seconds  code(4) message(Build asset version error: assets/scripts/leveltimer.cs in SourceAssetDB has modification time of '2021-10-21T20:05:09.423294Z' while content on disk has modification time of '2021-10-21T20:07:07.1597032Z')
  ERROR: Build asset version error: assets/scripts/leveltimer.cs in SourceAssetDB has modification time of '2021-10-21T20:05:09.423294Z' while content on disk has modification time of '2021-10-21T20:07:07.1597032Z'
  Import took 0.008946 seconds .

========================================================================
Received Prepare
Registering precompiled user dll's ...
Registered in 0.008443 seconds.
Begin MonoManager ReloadAssembly
Native extension for WindowsStandalone target not found
Refreshing native plugins compatible for Editor in 0.80 ms, found 2 plugins.
Preloading 0 native plugins for Editor in 0.00 ms.
Mono: successfully reloaded assembly
- Completed reload, in  1.327 seconds
Domain Reload Profiling:
	ReloadAssembly (1328ms)
		BeginReloadAssembly (140ms)
			ExecutionOrderSort (0ms)
			DisableScriptedObjects (6ms)
			BackupInstance (0ms)
			ReleaseScriptingObjects (0ms)
			CreateAndSetChildDomain (40ms)
		EndReloadAssembly (1105ms)
			LoadAssemblies (124ms)
			RebuildTransferFunctionScriptingTraits (0ms)
			SetupTypeCache (358ms)
			ReleaseScriptCaches (1ms)
			RebuildScriptCaches (49ms)
			SetupLoadedEditorAssemblies (458ms)
				LogAssemblyErrors (0ms)
				InitializePlatformSupportModulesInManaged (6ms)
				SetLoadedEditorAssemblies (1ms)
				RefreshPlugins (1ms)
				BeforeProcessingInitializeOnLoad (74ms)
				ProcessInitializeOnLoadAttributes (358ms)
				ProcessInitializeOnLoadMethodAttributes (9ms)
				AfterProcessingInitializeOnLoad (9ms)
				EditorAssembliesLoaded (0ms)
			ExecutionOrderSort2 (0ms)
			AwakeInstancesAfterBackupRestoration (7ms)
Platform modules already initialized, skipping
Refreshing native plugins compatible for Editor in 0.80 ms, found 2 plugins.
Preloading 0 native plugins for Editor in 0.00 ms.
Unloading 1871 Unused Serialized files (Serialized files now loaded: 0)
System memory in use before: 155.8 MB.
System memory in use after: 155.9 MB.

Unloading 35 unused Assets to reduce memory usage. Loaded Objects now: 2337.
Total: 3.412800 ms (FindLiveObjects: 0.149700 ms CreateObjectMapping: 0.051300 ms MarkObjects: 3.161800 ms  DeleteObjects: 0.049100 ms)

AssetImportParameters requested are different than current active one (requested -> active):
  custom:framework-win-MediaFoundation: 216162199b28c13a410421893ffa2e32 -> 
  custom:video-decoder-ogg-theora: a1e56fd34408186e4bbccfd4996cb3dc -> 
  custom:container-muxer-webm: aa71ff27fc2769a1b78a27578f13a17b -> 
  custom:container-demuxer-webm: 4f35f7cbe854078d1ac9338744f61a02 -> 
  custom:container-demuxer-ogg: 62fdf1f143b41e24485cea50d1cbac27 -> 
  custom:video-encoder-webm-vp8: eb34c28f22e8b96e1ab97ce403110664 -> 
  custom:video-decoder-webm-vp8: 9c59270c3fd7afecdb556c50c9e8de78 -> 
  custom:audio-decoder-ogg-vorbis: bf7c407c2cedff20999df2af8eb42d56 -> 
  custom:audio-encoder-webm-vorbis: bf7c407c2cedff20999df2af8eb42d56 -> 
========================================================================
Received Import Request.
  Time since last request: 6.596357 seconds.
  path: Assets/Scripts/LevelTimer.cs
  artifactKey: Guid(efca472f70540dc489d8ee86f99a612a) Importer(815301076,1909f56bfc062723c751e8b465ee728b)
Start importing Assets/Scripts/LevelTimer.cs using Guid(efca472f70540dc489d8ee86f99a612a) Importer(815301076,1909f56bfc062723c751e8b465ee728b)  -> (artifact id: 'd9d4dd039631eeccca5746ab5d762b0a') in 0.008865 seconds 
  Import took 0.061925 seconds .

========================================================================
Received Prepare
Registering precompiled user dll's ...
Registered in 0.008599 seconds.
Begin MonoManager ReloadAssembly
Native extension for WindowsStandalone target not found
Refreshing native plugins compatible for Editor in 0.74 ms, found 2 plugins.
Preloading 0 native plugins for Editor in 0.00 ms.
Mono: successfully reloaded assembly
- Completed reload, in  1.287 seconds
Domain Reload Profiling:
	ReloadAssembly (1287ms)
		BeginReloadAssembly (146ms)
			ExecutionOrderSort (0ms)
			DisableScriptedObjects (6ms)
			BackupInstance (0ms)
			ReleaseScriptingObjects (0ms)
			CreateAndSetChildDomain (43ms)
		EndReloadAssembly (1063ms)
			LoadAssemblies (126ms)
			RebuildTransferFunctionScriptingTraits (0ms)
			SetupTypeCache (370ms)
			ReleaseScriptCaches (1ms)
			RebuildScriptCaches (61ms)
			SetupLoadedEditorAssemblies (384ms)
				LogAssemblyErrors (0ms)
				InitializePlatformSupportModulesInManaged (6ms)
				SetLoadedEditorAssemblies (1ms)
				RefreshPlugins (1ms)
				BeforeProcessingInitializeOnLoad (62ms)
				ProcessInitializeOnLoadAttributes (298ms)
				ProcessInitializeOnLoadMethodAttributes (8ms)
				AfterProcessingInitializeOnLoad (9ms)
				EditorAssembliesLoaded (0ms)
			ExecutionOrderSort2 (0ms)
			AwakeInstancesAfterBackupRestoration (7ms)
Platform modules already initialized, skipping
Refreshing native plugins compatible for Editor in 0.70 ms, found 2 plugins.
Preloading 0 native plugins for Editor in 0.00 ms.
Unloading 1918 Unused Serialized files (Serialized files now loaded: 0)
System memory in use before: 159.1 MB.
System memory in use after: 158.6 MB.

Unloading 48 unused Assets to reduce memory usage. Loaded Objects now: 2373.
Total: 3.635200 ms (FindLiveObjects: 0.221100 ms CreateObjectMapping: 0.079600 ms MarkObjects: 2.918100 ms  DeleteObjects: 0.415500 ms)

AssetImportParameters requested are different than current active one (requested -> active):
  custom:framework-win-MediaFoundation: 216162199b28c13a410421893ffa2e32 -> 
  custom:video-decoder-ogg-theora: a1e56fd34408186e4bbccfd4996cb3dc -> 
  custom:container-muxer-webm: aa71ff27fc2769a1b78a27578f13a17b -> 
  custom:container-demuxer-webm: 4f35f7cbe854078d1ac9338744f61a02 -> 
  custom:container-demuxer-ogg: 62fdf1f143b41e24485cea50d1cbac27 -> 
  custom:video-encoder-webm-vp8: eb34c28f22e8b96e1ab97ce403110664 -> 
  custom:video-decoder-webm-vp8: 9c59270c3fd7afecdb556c50c9e8de78 -> 
  custom:audio-decoder-ogg-vorbis: bf7c407c2cedff20999df2af8eb42d56 -> 
  custom:audio-encoder-webm-vorbis: bf7c407c2cedff20999df2af8eb42d56 -> 
========================================================================
Received Prepare
Registering precompiled user dll's ...
Registered in 0.008118 seconds.
Begin MonoManager ReloadAssembly
Native extension for WindowsStandalone target not found
Refreshing native plugins compatible for Editor in 1.11 ms, found 2 plugins.
Preloading 0 native plugins for Editor in 0.00 ms.
Mono: successfully reloaded assembly
- Completed reload, in  1.453 seconds
Domain Reload Profiling:
	ReloadAssembly (1453ms)
		BeginReloadAssembly (134ms)
			ExecutionOrderSort (0ms)
			DisableScriptedObjects (6ms)
			BackupInstance (0ms)
			ReleaseScriptingObjects (0ms)
			CreateAndSetChildDomain (39ms)
		EndReloadAssembly (1249ms)
			LoadAssemblies (112ms)
			RebuildTransferFunctionScriptingTraits (0ms)
			SetupTypeCache (368ms)
			ReleaseScriptCaches (1ms)
			RebuildScriptCaches (65ms)
			SetupLoadedEditorAssemblies (530ms)
				LogAssemblyErrors (0ms)
				InitializePlatformSupportModulesInManaged (8ms)
				SetLoadedEditorAssemblies (1ms)
				RefreshPlugins (1ms)
				BeforeProcessingInitializeOnLoad (98ms)
				ProcessInitializeOnLoadAttributes (401ms)
				ProcessInitializeOnLoadMethodAttributes (8ms)
				AfterProcessingInitializeOnLoad (12ms)
				EditorAssembliesLoaded (0ms)
			ExecutionOrderSort2 (0ms)
			AwakeInstancesAfterBackupRestoration (11ms)
Platform modules already initialized, skipping
Refreshing native plugins compatible for Editor in 0.83 ms, found 2 plugins.
Preloading 0 native plugins for Editor in 0.00 ms.
Unloading 1918 Unused Serialized files (Serialized files now loaded: 0)
System memory in use before: 159.2 MB.
System memory in use after: 158.6 MB.

Unloading 48 unused Assets to reduce memory usage. Loaded Objects now: 2375.
Total: 4.451700 ms (FindLiveObjects: 0.243500 ms CreateObjectMapping: 0.117600 ms MarkObjects: 3.573300 ms  DeleteObjects: 0.516000 ms)

AssetImportParameters requested are different than current active one (requested -> active):
  custom:framework-win-MediaFoundation: 216162199b28c13a410421893ffa2e32 -> 
  custom:video-decoder-ogg-theora: a1e56fd34408186e4bbccfd4996cb3dc -> 
  custom:container-muxer-webm: aa71ff27fc2769a1b78a27578f13a17b -> 
  custom:container-demuxer-webm: 4f35f7cbe854078d1ac9338744f61a02 -> 
  custom:container-demuxer-ogg: 62fdf1f143b41e24485cea50d1cbac27 -> 
  custom:video-encoder-webm-vp8: eb34c28f22e8b96e1ab97ce403110664 -> 
  custom:video-decoder-webm-vp8: 9c59270c3fd7afecdb556c50c9e8de78 -> 
  custom:audio-decoder-ogg-vorbis: bf7c407c2cedff20999df2af8eb42d56 -> 
  custom:audio-encoder-webm-vorbis: bf7c407c2cedff20999df2af8eb42d56 -> 
========================================================================
Received Prepare
Registering precompiled user dll's ...
Registered in 0.111410 seconds.
Begin MonoManager ReloadAssembly
Native extension for WindowsStandalone target not found
Refreshing native plugins compatible for Editor in 0.81 ms, found 2 plugins.
Preloading 0 native plugins for Editor in 0.00 ms.
Mono: successfully reloaded assembly
- Completed reload, in  1.239 seconds
Domain Reload Profiling:
	ReloadAssembly (1240ms)
		BeginReloadAssembly (123ms)
			ExecutionOrderSort (0ms)
			DisableScriptedObjects (6ms)
			BackupInstance (0ms)
			ReleaseScriptingObjects (0ms)
			CreateAndSetChildDomain (33ms)
		EndReloadAssembly (1046ms)
			LoadAssemblies (103ms)
			RebuildTransferFunctionScriptingTraits (0ms)
			SetupTypeCache (390ms)
			ReleaseScriptCaches (1ms)
			RebuildScriptCaches (44ms)
			SetupLoadedEditorAssemblies (392ms)
				LogAssemblyErrors (0ms)
				InitializePlatformSupportModulesInManaged (7ms)
				SetLoadedEditorAssemblies (1ms)
				RefreshPlugins (1ms)
				BeforeProcessingInitializeOnLoad (62ms)
				ProcessInitializeOnLoadAttributes (303ms)
				ProcessInitializeOnLoadMethodAttributes (7ms)
				AfterProcessingInitializeOnLoad (11ms)
				EditorAssembliesLoaded (0ms)
			ExecutionOrderSort2 (0ms)
			AwakeInstancesAfterBackupRestoration (8ms)
Platform modules already initialized, skipping
Refreshing native plugins compatible for Editor in 1.26 ms, found 2 plugins.
Preloading 0 native plugins for Editor in 0.00 ms.
Unloading 1918 Unused Serialized files (Serialized files now loaded: 0)
System memory in use before: 159.2 MB.
System memory in use after: 158.6 MB.

Unloading 48 unused Assets to reduce memory usage. Loaded Objects now: 2377.
Total: 3.694700 ms (FindLiveObjects: 0.210500 ms CreateObjectMapping: 0.053200 ms MarkObjects: 3.055700 ms  DeleteObjects: 0.374400 ms)

AssetImportParameters requested are different than current active one (requested -> active):
  custom:framework-win-MediaFoundation: 216162199b28c13a410421893ffa2e32 -> 
  custom:video-decoder-ogg-theora: a1e56fd34408186e4bbccfd4996cb3dc -> 
  custom:container-muxer-webm: aa71ff27fc2769a1b78a27578f13a17b -> 
  custom:container-demuxer-webm: 4f35f7cbe854078d1ac9338744f61a02 -> 
  custom:container-demuxer-ogg: 62fdf1f143b41e24485cea50d1cbac27 -> 
  custom:video-encoder-webm-vp8: eb34c28f22e8b96e1ab97ce403110664 -> 
  custom:video-decoder-webm-vp8: 9c59270c3fd7afecdb556c50c9e8de78 -> 
  custom:audio-decoder-ogg-vorbis: bf7c407c2cedff20999df2af8eb42d56 -> 
  custom:audio-encoder-webm-vorbis: bf7c407c2cedff20999df2af8eb42d56 -> 
========================================================================
Received Prepare
Registering precompiled user dll's ...
Registered in 0.008279 seconds.
Begin MonoManager ReloadAssembly
Native extension for WindowsStandalone target not found
Refreshing native plugins compatible for Editor in 0.76 ms, found 2 plugins.
Preloading 0 native plugins for Editor in 0.00 ms.
Mono: successfully reloaded assembly
- Completed reload, in  1.329 seconds
Domain Reload Profiling:
	ReloadAssembly (1329ms)
		BeginReloadAssembly (140ms)
			ExecutionOrderSort (0ms)
			DisableScriptedObjects (11ms)
			BackupInstance (0ms)
			ReleaseScriptingObjects (0ms)
			CreateAndSetChildDomain (39ms)
		EndReloadAssembly (1098ms)
			LoadAssemblies (136ms)
			RebuildTransferFunctionScriptingTraits (0ms)
			SetupTypeCache (353ms)
			ReleaseScriptCaches (1ms)
			RebuildScriptCaches (43ms)
			SetupLoadedEditorAssemblies (447ms)
				LogAssemblyErrors (0ms)
				InitializePlatformSupportModulesInManaged (8ms)
				SetLoadedEditorAssemblies (1ms)
				RefreshPlugins (1ms)
				BeforeProcessingInitializeOnLoad (84ms)
				ProcessInitializeOnLoadAttributes (336ms)
				ProcessInitializeOnLoadMethodAttributes (8ms)
				AfterProcessingInitializeOnLoad (10ms)
				EditorAssembliesLoaded (0ms)
			ExecutionOrderSort2 (0ms)
			AwakeInstancesAfterBackupRestoration (8ms)
Platform modules already initialized, skipping
Refreshing native plugins compatible for Editor in 0.65 ms, found 2 plugins.
Preloading 0 native plugins for Editor in 0.00 ms.
Unloading 1918 Unused Serialized files (Serialized files now loaded: 0)
System memory in use before: 159.2 MB.
System memory in use after: 158.6 MB.

Unloading 48 unused Assets to reduce memory usage. Loaded Objects now: 2379.
Total: 3.811900 ms (FindLiveObjects: 0.183700 ms CreateObjectMapping: 0.069600 ms MarkObjects: 3.138000 ms  DeleteObjects: 0.419600 ms)

AssetImportParameters requested are different than current active one (requested -> active):
  custom:framework-win-MediaFoundation: 216162199b28c13a410421893ffa2e32 -> 
  custom:video-decoder-ogg-theora: a1e56fd34408186e4bbccfd4996cb3dc -> 
  custom:container-muxer-webm: aa71ff27fc2769a1b78a27578f13a17b -> 
  custom:container-demuxer-webm: 4f35f7cbe854078d1ac9338744f61a02 -> 
  custom:container-demuxer-ogg: 62fdf1f143b41e24485cea50d1cbac27 -> 
  custom:video-encoder-webm-vp8: eb34c28f22e8b96e1ab97ce403110664 -> 
  custom:video-decoder-webm-vp8: 9c59270c3fd7afecdb556c50c9e8de78 -> 
  custom:audio-decoder-ogg-vorbis: bf7c407c2cedff20999df2af8eb42d56 -> 
  custom:audio-encoder-webm-vorbis: bf7c407c2cedff20999df2af8eb42d56 -> 
========================================================================
Received Prepare
Registering precompiled user dll's ...
Registered in 0.007442 seconds.
Begin MonoManager ReloadAssembly
Native extension for WindowsStandalone target not found
Refreshing native plugins compatible for Editor in 0.64 ms, found 2 plugins.
Preloading 0 native plugins for Editor in 0.00 ms.
Mono: successfully reloaded assembly
- Completed reload, in  1.271 seconds
Domain Reload Profiling:
	ReloadAssembly (1272ms)
		BeginReloadAssembly (147ms)
			ExecutionOrderSort (0ms)
			DisableScriptedObjects (7ms)
			BackupInstance (0ms)
			ReleaseScriptingObjects (0ms)
			CreateAndSetChildDomain (45ms)
		EndReloadAssembly (1040ms)
			LoadAssemblies (134ms)
			RebuildTransferFunctionScriptingTraits (0ms)
			SetupTypeCache (332ms)
			ReleaseScriptCaches (1ms)
			RebuildScriptCaches (42ms)
			SetupLoadedEditorAssemblies (445ms)
				LogAssemblyErrors (0ms)
				InitializePlatformSupportModulesInManaged (5ms)
				SetLoadedEditorAssemblies (1ms)
				RefreshPlugins (1ms)
				BeforeProcessingInitializeOnLoad (96ms)
				ProcessInitializeOnLoadAttributes (326ms)
				ProcessInitializeOnLoadMethodAttributes (7ms)
				AfterProcessingInitializeOnLoad (8ms)
				EditorAssembliesLoaded (0ms)
			ExecutionOrderSort2 (0ms)
			AwakeInstancesAfterBackupRestoration (7ms)
Platform modules already initialized, skipping
Refreshing native plugins compatible for Editor in 0.72 ms, found 2 plugins.
Preloading 0 native plugins for Editor in 0.00 ms.
Unloading 1918 Unused Serialized files (Serialized files now loaded: 0)
System memory in use before: 159.2 MB.
System memory in use after: 158.7 MB.

Unloading 48 unused Assets to reduce memory usage. Loaded Objects now: 2381.
Total: 4.886100 ms (FindLiveObjects: 0.230300 ms CreateObjectMapping: 0.116300 ms MarkObjects: 4.164600 ms  DeleteObjects: 0.373700 ms)

AssetImportParameters requested are different than current active one (requested -> active):
  custom:framework-win-MediaFoundation: 216162199b28c13a410421893ffa2e32 -> 
  custom:video-decoder-ogg-theora: a1e56fd34408186e4bbccfd4996cb3dc -> 
  custom:container-muxer-webm: aa71ff27fc2769a1b78a27578f13a17b -> 
  custom:container-demuxer-webm: 4f35f7cbe854078d1ac9338744f61a02 -> 
  custom:container-demuxer-ogg: 62fdf1f143b41e24485cea50d1cbac27 -> 
  custom:video-encoder-webm-vp8: eb34c28f22e8b96e1ab97ce403110664 -> 
  custom:video-decoder-webm-vp8: 9c59270c3fd7afecdb556c50c9e8de78 -> 
  custom:audio-decoder-ogg-vorbis: bf7c407c2cedff20999df2af8eb42d56 -> 
  custom:audio-encoder-webm-vorbis: bf7c407c2cedff20999df2af8eb42d56 -> 
========================================================================
Received Prepare
Registering precompiled user dll's ...
Registered in 0.007863 seconds.
Begin MonoManager ReloadAssembly
Native extension for WindowsStandalone target not found
Refreshing native plugins compatible for Editor in 0.61 ms, found 2 plugins.
Preloading 0 native plugins for Editor in 0.00 ms.
Mono: successfully reloaded assembly
- Completed reload, in  1.246 seconds
Domain Reload Profiling:
	ReloadAssembly (1246ms)
		BeginReloadAssembly (147ms)
			ExecutionOrderSort (0ms)
			DisableScriptedObjects (7ms)
			BackupInstance (0ms)
			ReleaseScriptingObjects (0ms)
			CreateAndSetChildDomain (43ms)
		EndReloadAssembly (992ms)
			LoadAssemblies (129ms)
			RebuildTransferFunctionScriptingTraits (0ms)
			SetupTypeCache (335ms)
			ReleaseScriptCaches (1ms)
			RebuildScriptCaches (45ms)
			SetupLoadedEditorAssemblies (388ms)
				LogAssemblyErrors (0ms)
				InitializePlatformSupportModulesInManaged (5ms)
				SetLoadedEditorAssemblies (1ms)
				RefreshPlugins (1ms)
				BeforeProcessingInitializeOnLoad (59ms)
				ProcessInitializeOnLoadAttributes (305ms)
				ProcessInitializeOnLoadMethodAttributes (8ms)
				AfterProcessingInitializeOnLoad (10ms)
				EditorAssembliesLoaded (0ms)
			ExecutionOrderSort2 (0ms)
			AwakeInstancesAfterBackupRestoration (8ms)
Platform modules already initialized, skipping
Refreshing native plugins compatible for Editor in 0.70 ms, found 2 plugins.
Preloading 0 native plugins for Editor in 0.00 ms.
Unloading 1918 Unused Serialized files (Serialized files now loaded: 0)
System memory in use before: 159.2 MB.
System memory in use after: 158.7 MB.

Unloading 48 unused Assets to reduce memory usage. Loaded Objects now: 2383.
Total: 5.218400 ms (FindLiveObjects: 0.567600 ms CreateObjectMapping: 0.251100 ms MarkObjects: 4.002500 ms  DeleteObjects: 0.395600 ms)

AssetImportParameters requested are different than current active one (requested -> active):
  custom:framework-win-MediaFoundation: 216162199b28c13a410421893ffa2e32 -> 
  custom:video-decoder-ogg-theora: a1e56fd34408186e4bbccfd4996cb3dc -> 
  custom:container-muxer-webm: aa71ff27fc2769a1b78a27578f13a17b -> 
  custom:container-demuxer-webm: 4f35f7cbe854078d1ac9338744f61a02 -> 
  custom:container-demuxer-ogg: 62fdf1f143b41e24485cea50d1cbac27 -> 
  custom:video-encoder-webm-vp8: eb34c28f22e8b96e1ab97ce403110664 -> 
  custom:video-decoder-webm-vp8: 9c59270c3fd7afecdb556c50c9e8de78 -> 
  custom:audio-decoder-ogg-vorbis: bf7c407c2cedff20999df2af8eb42d56 -> 
  custom:audio-encoder-webm-vorbis: bf7c407c2cedff20999df2af8eb42d56 -> 
========================================================================
Received Prepare
Registering precompiled user dll's ...
Registered in 0.009614 seconds.
Begin MonoManager ReloadAssembly
Native extension for WindowsStandalone target not found
Refreshing native plugins compatible for Editor in 0.53 ms, found 2 plugins.
Preloading 0 native plugins for Editor in 0.00 ms.
Mono: successfully reloaded assembly
- Completed reload, in  1.240 seconds
Domain Reload Profiling:
	ReloadAssembly (1240ms)
		BeginReloadAssembly (127ms)
			ExecutionOrderSort (0ms)
			DisableScriptedObjects (6ms)
			BackupInstance (0ms)
			ReleaseScriptingObjects (0ms)
			CreateAndSetChildDomain (31ms)
		EndReloadAssembly (1009ms)
			LoadAssemblies (119ms)
			RebuildTransferFunctionScriptingTraits (0ms)
			SetupTypeCache (296ms)
			ReleaseScriptCaches (2ms)
			RebuildScriptCaches (53ms)
			SetupLoadedEditorAssemblies (435ms)
				LogAssemblyErrors (0ms)
				InitializePlatformSupportModulesInManaged (5ms)
				SetLoadedEditorAssemblies (0ms)
				RefreshPlugins (1ms)
				BeforeProcessingInitializeOnLoad (63ms)
				ProcessInitializeOnLoadAttributes (343ms)
				ProcessInitializeOnLoadMethodAttributes (9ms)
				AfterProcessingInitializeOnLoad (12ms)
				EditorAssembliesLoaded (0ms)
			ExecutionOrderSort2 (0ms)
			AwakeInstancesAfterBackupRestoration (10ms)
Platform modules already initialized, skipping
Refreshing native plugins compatible for Editor in 0.89 ms, found 2 plugins.
Preloading 0 native plugins for Editor in 0.00 ms.
Unloading 1918 Unused Serialized files (Serialized files now loaded: 0)
System memory in use before: 159.2 MB.
System memory in use after: 158.7 MB.

Unloading 48 unused Assets to reduce memory usage. Loaded Objects now: 2385.
Total: 3.751700 ms (FindLiveObjects: 0.149800 ms CreateObjectMapping: 0.050600 ms MarkObjects: 3.178900 ms  DeleteObjects: 0.371300 ms)

AssetImportParameters requested are different than current active one (requested -> active):
  custom:framework-win-MediaFoundation: 216162199b28c13a410421893ffa2e32 -> 
  custom:video-decoder-ogg-theora: a1e56fd34408186e4bbccfd4996cb3dc -> 
  custom:container-muxer-webm: aa71ff27fc2769a1b78a27578f13a17b -> 
  custom:container-demuxer-webm: 4f35f7cbe854078d1ac9338744f61a02 -> 
  custom:container-demuxer-ogg: 62fdf1f143b41e24485cea50d1cbac27 -> 
  custom:video-encoder-webm-vp8: eb34c28f22e8b96e1ab97ce403110664 -> 
  custom:video-decoder-webm-vp8: 9c59270c3fd7afecdb556c50c9e8de78 -> 
  custom:audio-decoder-ogg-vorbis: bf7c407c2cedff20999df2af8eb42d56 -> 
  custom:audio-encoder-webm-vorbis: bf7c407c2cedff20999df2af8eb42d56 -> 
========================================================================
Received Import Request.
  Time since last request: 1312.218533 seconds.
  path: Assets/Pngtreevector star icon_4186970.png
  artifactKey: Guid(98000736800a7b54ea23e91ba8ea90a1) Importer(815301076,1909f56bfc062723c751e8b465ee728b)
Start importing Assets/Pngtreevector star icon_4186970.png using Guid(98000736800a7b54ea23e91ba8ea90a1) Importer(815301076,1909f56bfc062723c751e8b465ee728b)  -> (artifact id: 'c141a3349c403e768cd107d8d33f4304') in 0.129572 seconds 
  Import took 0.133863 seconds .

========================================================================
Received Import Request.
  Time since last request: 10.296649 seconds.
  path: Assets/Empty Star.png
  artifactKey: Guid(98000736800a7b54ea23e91ba8ea90a1) Importer(815301076,1909f56bfc062723c751e8b465ee728b)
Start importing Assets/Empty Star.png using Guid(98000736800a7b54ea23e91ba8ea90a1) Importer(815301076,1909f56bfc062723c751e8b465ee728b)  -> (artifact id: '2c080461c557006609f9d0cda8ad10ab') in 0.023893 seconds 
  Import took 0.027568 seconds .

========================================================================
Received Import Request.
  Time since last request: 1.290909 seconds.
  path: Assets/Pngtreeyellow star_232781.png
  artifactKey: Guid(28e0170afbcb6f74c98e6a111a7d90e7) Importer(815301076,1909f56bfc062723c751e8b465ee728b)
Start importing Assets/Pngtreeyellow star_232781.png using Guid(28e0170afbcb6f74c98e6a111a7d90e7) Importer(815301076,1909f56bfc062723c751e8b465ee728b)  -> (artifact id: 'caaf93fc37aeb4aabd955d8f0bbdaf01') in 0.041977 seconds 
  Import took 0.046965 seconds .

========================================================================
Received Import Request.
  Time since last request: 9.510986 seconds.
  path: Assets/FullStar.png
  artifactKey: Guid(28e0170afbcb6f74c98e6a111a7d90e7) Importer(815301076,1909f56bfc062723c751e8b465ee728b)
Start importing Assets/FullStar.png using Guid(28e0170afbcb6f74c98e6a111a7d90e7) Importer(815301076,1909f56bfc062723c751e8b465ee728b)  -> (artifact id: '47073671749fbc6e011eed7596b5e445') in 0.024504 seconds 
  Import took 0.028847 seconds .

========================================================================
Received Import Request.
  Time since last request: 0.008458 seconds.
  path: Assets/MainScene_Profiles
  artifactKey: Guid(c5ce718b60325164aaff6d53f15a7f6b) Importer(815301076,1909f56bfc062723c751e8b465ee728b)
Start importing Assets/MainScene_Profiles using Guid(c5ce718b60325164aaff6d53f15a7f6b) Importer(815301076,1909f56bfc062723c751e8b465ee728b)  -> (artifact id: '37fbf1f9747a0e40f34efb1375ea1398') in 0.010322 seconds 
  Import took 0.015850 seconds .

========================================================================
Received Import Request.
  Time since last request: 0.017947 seconds.
  path: Assets/MainScene_Profiles
  artifactKey: Guid(c5ce718b60325164aaff6d53f15a7f6b) Importer(815301076,1909f56bfc062723c751e8b465ee728b)
Start importing Assets/MainScene_Profiles using Guid(c5ce718b60325164aaff6d53f15a7f6b) Importer(815301076,1909f56bfc062723c751e8b465ee728b)  -> (artifact id: '37fbf1f9747a0e40f34efb1375ea1398') in 0.004132 seconds 
  Import took 0.009321 seconds .

AssetImportWorkerClient::OnTransportError - code=2 error=End of file
